<?xml version="1.0" encoding="UTF-8"?>
<testng-results ignored="0" total="1" passed="1" failed="0" skipped="0">
  <reporter-output>
  </reporter-output>
  <suite started-at="2018-05-14T21:14:53Z" name="Suite" finished-at="2018-05-14T21:15:01Z" duration-ms="7879">
    <groups>
    </groups>
    <test started-at="2018-05-14T21:14:53Z" name="Test" finished-at="2018-05-14T21:15:01Z" duration-ms="7879">
      <class name="com.project.MavenTest">
        <test-method signature="mavenTest()[pri:0, instance:com.project.MavenTest@15ff3e9e]" started-at="2018-05-14T21:14:53Z" name="mavenTest" finished-at="2018-05-14T21:15:01Z" duration-ms="7864" status="PASS">
          <reporter-output>
          </reporter-output>
        </test-method> <!-- mavenTest -->
      </class> <!-- com.project.MavenTest -->
    </test> <!-- Test -->
  </suite> <!-- Suite -->
</testng-results>
